<?xml version="1.0" encoding="UTF-8"?>
<!-- Generated by org.testng.reporters.JUnitReportReporter -->
<testsuite hostname="DESKTOP-NBLM254" failures="0" tests="2" name="day8.DependsonMethodDemo" time="7.207" errors="0" timestamp="2024-06-27T20:12:55 IST" skipped="0">
  <testcase classname="day8.DependsonMethodDemo" name="register" time="4.910"/>
  <system-out/>
  <testcase classname="day8.DependsonMethodDemo" name="login" time="2.297"/>
  <system-out/>
</testsuite> <!-- day8.DependsonMethodDemo -->
