<?xml version="1.0" encoding="UTF-8"?>
<!-- Generated by org.testng.reporters.JUnitReportReporter -->
<testsuite hostname="DESKTOP-NBLM254" failures="0" tests="3" name="assignment.Assignment3" time="43.634" errors="0" timestamp="2024-07-11T12:58:26 IST" skipped="0">
  <testcase classname="assignment.Assignment3" name="testLogin" time="16.883"/>
  <system-out/>
  <testcase classname="assignment.Assignment3" name="testLogin" time="12.997"/>
  <system-out/>
  <testcase classname="assignment.Assignment3" name="testLogin" time="13.754"/>
  <system-out/>
</testsuite> <!-- assignment.Assignment3 -->
