<?xml version="1.0" encoding="UTF-8"?>
<!-- Generated by org.testng.reporters.JUnitReportReporter -->
<testsuite hostname="DESKTOP-NBLM254" failures="0" tests="1" name="day8.TestNgGroups2" time="0.001" errors="0" timestamp="2024-06-27T19:35:03 IST" skipped="0">
  <testcase classname="day8.TestNgGroups2" name="smokeMethod" time="0.001"/>
  <system-out/>
</testsuite> <!-- day8.TestNgGroups2 -->
