<?xml version="1.0" encoding="UTF-8"?>
<!-- Generated by org.testng.reporters.JUnitReportReporter -->
<testsuite hostname="DESKTOP-NBLM254" failures="0" tests="3" name="day7.TestNG1" time="0.003" errors="0" timestamp="2024-06-26T14:46:34 IST" skipped="1">
  <testcase classname="day7.TestNG1" name="test" time="0.001"/>
  <system-out/>
  <testcase classname="day7.TestNG1" name="test" time="0.002"/>
  <system-out/>
  <testcase classname="day7.TestNG1" name="test1">
    <skipped/>
  </testcase> <!-- test1 -->
  <system-out/>
</testsuite> <!-- day7.TestNG1 -->
