<?xml version="1.0" encoding="UTF-8"?>
<!-- Generated by org.testng.reporters.JUnitReportReporter -->
<testsuite hostname="DESKTOP-NBLM254" failures="0" tests="2" name="day7.TestNG4" time="10.164" errors="0" timestamp="2024-06-26T14:46:34 IST" skipped="0">
  <testcase classname="day7.TestNG4" name="logout" time="0.004"/>
  <system-out/>
  <testcase classname="day7.TestNG4" name="Login" time="10.160"/>
  <system-out/>
</testsuite> <!-- day7.TestNG4 -->
