<?xml version="1.0" encoding="UTF-8"?>
<!-- Generated by org.testng.reporters.JUnitReportReporter -->
<testsuite hostname="DESKTOP-NBLM254" failures="0" tests="2" name="day7.TestNG3" time="7.281" errors="0" timestamp="2024-06-26T14:46:34 IST" skipped="0">
  <testcase classname="day7.TestNG3" name="login" time="3.537"/>
  <system-out/>
  <testcase classname="day7.TestNG3" name="closeBrowser" time="3.744"/>
  <system-out/>
</testsuite> <!-- day7.TestNG3 -->
