<?xml version="1.0" encoding="UTF-8"?>
<!-- Generated by org.testng.reporters.JUnitReportReporter -->
<testsuite hostname="DESKTOP-NBLM254" failures="0" tests="5" name="project.LumaFeaturesNavigations" time="75.591" errors="0" timestamp="2024-07-21T20:19:14 IST" skipped="0">
  <testcase classname="project.LumaFeaturesNavigations" name="Training" time="12.481"/>
  <system-out/>
  <testcase classname="project.LumaFeaturesNavigations" name="Sale" time="13.869"/>
  <system-out/>
  <testcase classname="project.LumaFeaturesNavigations" name="Men" time="16.527"/>
  <system-out/>
  <testcase classname="project.LumaFeaturesNavigations" name="Gear" time="17.026"/>
  <system-out/>
  <testcase classname="project.LumaFeaturesNavigations" name="Women" time="15.688"/>
  <system-out/>
</testsuite> <!-- project.LumaFeaturesNavigations -->
