<?xml version="1.0" encoding="UTF-8"?>
<!-- Generated by org.testng.reporters.JUnitReportReporter -->
<testsuite hostname="DESKTOP-NBLM254" failures="0" tests="4" name="day8.TestNgGroups" time="0.008" errors="0" timestamp="2024-06-27T19:35:03 IST" skipped="0">
  <testcase classname="day8.TestNgGroups" name="test2" time="0.001"/>
  <system-out/>
  <testcase classname="day8.TestNgGroups" name="test3" time="0.001"/>
  <system-out/>
  <testcase classname="day8.TestNgGroups" name="test6" time="0.000"/>
  <system-out/>
  <testcase classname="day8.TestNgGroups" name="test1" time="0.006"/>
  <system-out/>
</testsuite> <!-- day8.TestNgGroups -->
