<?xml version="1.0" encoding="UTF-8"?>
<!-- Generated by org.testng.reporters.JUnitReportReporter -->
<testsuite hostname="DESKTOP-NBLM254" failures="0" tests="1" name="day7.TestNG2" time="0.007" errors="0" timestamp="2024-06-26T14:46:34 IST" skipped="0">
  <testcase classname="day7.TestNG2" name="testCase" time="0.007"/>
  <system-out/>
</testsuite> <!-- day7.TestNG2 -->
