<?xml version="1.0" encoding="UTF-8"?>
<!-- Generated by org.testng.reporters.JUnitReportReporter -->
<testsuite hostname="DESKTOP-NBLM254" failures="0" tests="1" name="project.LumaScroll" time="17.115" errors="0" timestamp="2024-07-21T18:10:00 IST" skipped="0">
  <testcase classname="project.LumaScroll" name="Login" time="17.115"/>
  <system-out/>
</testsuite> <!-- project.LumaScroll -->
