<?xml version="1.0" encoding="UTF-8"?>
<!-- Generated by org.testng.reporters.JUnitReportReporter -->
<testsuite hostname="DESKTOP-NBLM254" failures="0" tests="2" name="project.LumaFeatures" time="32.927" errors="0" timestamp="2024-07-21T19:55:56 IST" skipped="0">
  <testcase classname="project.LumaFeatures" name="Men" time="17.575"/>
  <system-out/>
  <testcase classname="project.LumaFeatures" name="Women" time="15.352"/>
  <system-out/>
</testsuite> <!-- project.LumaFeatures -->
